{
  "stats": {
    "suites": 4,
    "tests": 11,
    "passes": 11,
    "pending": 0,
    "failures": 0,
    "start": "2023-07-29T04:33:19.460Z",
    "end": "2023-07-29T04:42:02.956Z",
    "duration": 523496,
    "testsRegistered": 11,
    "passPercent": 100,
    "pendingPercent": 0,
    "other": 0,
    "hasOther": false,
    "skipped": 0,
    "hasSkipped": false
  },
  "results": [
    {
      "uuid": "51f1dc3c-cc25-4a94-9889-a7644ed4dd60",
      "title": "",
      "fullFile": "cypress\\e2e\\deposit.cy.js",
      "file": "cypress\\e2e\\deposit.cy.js",
      "beforeHooks": [],
      "afterHooks": [],
      "tests": [],
      "suites": [
        {
          "uuid": "0d5916d6-3585-4649-ba42-fc0ce998afe2",
          "title": "Deposit Balance",
          "fullFile": "",
          "file": "",
          "beforeHooks": [],
          "afterHooks": [],
          "tests": [],
          "suites": [
            {
              "uuid": "aaa7d8da-706b-49fd-90d3-bb78a9d83d24",
              "title": "Deposit Via Bank & VA",
              "fullFile": "",
              "file": "",
              "beforeHooks": [],
              "afterHooks": [],
              "tests": [
                {
                  "title": "Users want to deposit to their account without input all field or some field",
                  "fullTitle": "Deposit Balance Deposit Via Bank & VA Users want to deposit to their account without input all field or some field",
                  "timedOut": null,
                  "duration": 29227,
                  "state": "passed",
                  "speed": "slow",
                  "pass": true,
                  "fail": false,
                  "pending": false,
                  "context": "\"videos/deposit.cy.js.mp4\"",
                  "code": "// Login\nloginFunction.loginCorrect(email, pass);\n// Buka deposit menu dari sidebar\ncy.get('a[href=\"/deposit\"] > div > div > h4').contains('Deposit').click();\ncy.wait(5000);\ncy.get('h1').contains('Deposit').should('be.visible');\ncy.get('h3').contains('Select Account').should('be.visible');\n// Klik proceed deposit\ncy.get('button').contains('Request Deposit').click();\ncy.wait(3000);\n// Assert pop up error\ncy.get('h2').contains('Incomplete Data!').should('be.visible');\ncy.get('button').contains('Oke').click();\ncy.wait(1000);",
                  "err": {},
                  "uuid": "59099809-01f8-49b8-a84d-fa28ff18a14b",
                  "parentUUID": "aaa7d8da-706b-49fd-90d3-bb78a9d83d24",
                  "isHook": false,
                  "skipped": false
                },
                {
                  "title": "Users want to request deposit to their account with transfer method but want to cancel it before transfer it",
                  "fullTitle": "Deposit Balance Deposit Via Bank & VA Users want to request deposit to their account with transfer method but want to cancel it before transfer it",
                  "timedOut": null,
                  "duration": 76905,
                  "state": "passed",
                  "speed": "slow",
                  "pass": true,
                  "fail": false,
                  "pending": false,
                  "context": "\"videos/deposit.cy.js.mp4\"",
                  "code": "// Login\nloginFunction.loginCorrect(email, pass);\n// Buka deposit menu dari sidebar\ncy.get('a[href=\"/deposit\"] > div > div > h4').contains('Deposit').click();\ncy.wait(5000);\ncy.get('h1').contains('Deposit').should('be.visible');\ncy.get('h3').contains('Select Account').should('be.visible');\n// Input akun yang ingin di deposit\ncy.wait(2000);\ncy.get('select[name=\"select-account\"] > option').then($el => {\n  commonFunction.randomDropdownValue('select[name=\"select-account\"]', $el);\n});\ncy.wait(2000);\n// Input amount (input $1 saja)\ncy.get('input[name=\"amount\"]').type(1).should('have.value', 1);\ncy.wait(2000);\n// Input nama akun bank\nconst randCharacters = commonFunction.randomChar();\ncy.get('input[name=\"akun-pemilik\"]').type(randCharacters).should('have.value', randCharacters);\ncy.wait(1000);\n// Input nomor akun bank\nconst randNumber = commonFunction.randomNumberID();\ncy.get('input[name=\"nomor-akun\"]').type(randNumber).should('have.value', randNumber);\ncy.wait(1000);\n// Input nama bank\ncy.get('div[class=\"menu hidden\"]').find('div').then($el2 => {\n  // Pilih dropdown dan ambil number index item yang dipilih\n  commonFunction.randomDropdownValueDivPOA($el2);\n});\n// Input checkbox\ncy.get('input[type=\"checkbox\"]').click();\ncy.get('input[type=\"checkbox\"]').should('be.checked');\ncy.wait(1000);\n// Klik proceed deposit\ncy.get('button').contains('Request Deposit').click();\ncy.wait(2000);\ncy.get('h2').contains('Are You Confident With Your Data?').should('be.visible');\n// Klik yes\ncy.get('button').contains('Yes').click();\ncy.wait(5000);\ncy.get('div').contains('To complete your payment').should('be.visible');\ncy.get('button').contains('Transfer Manual').click();\ncy.wait(5000);\ncy.url().should('include', '/verify-time');\n// Buka account dashboard\ncy.get('a[href=\"/dashboard\"]').contains('Account').click();\ncy.wait(5000);\n// Check status dan klik cancel\ncy.get('h1').contains('History Payment').scrollIntoView();\ncy.get(5000);\ncy.get('thead').then($el => {\n  const rowTd = $el.length;\n  if (rowTd == 0) {\n    cy.reload();\n    cy.wait(10000);\n  }\n});\ncy.get('table > tr').eq(0).find('td > button').contains('Cancel').click();\ncy.wait(1000);\ncy.get('h2').contains('Do you want to cancel the deposit?').should('be.visible');\ncy.get('button').contains('OK').click();\ncy.wait(4000);\ncy.get('h2').contains('Success').should('be.visible');\ncy.get('button').contains('OK').click();\ncy.wait(10000);\ncy.get('table > tr').eq(0).find('td').contains('CANCELED').should('be.visible');",
                  "err": {},
                  "uuid": "c3c2b110-c8d9-489e-a3c7-2f1b81590a3b",
                  "parentUUID": "aaa7d8da-706b-49fd-90d3-bb78a9d83d24",
                  "isHook": false,
                  "skipped": false
                },
                {
                  "title": "Users want to request deposit to their account with transfer method",
                  "fullTitle": "Deposit Balance Deposit Via Bank & VA Users want to request deposit to their account with transfer method",
                  "timedOut": null,
                  "duration": 58559,
                  "state": "passed",
                  "speed": "slow",
                  "pass": true,
                  "fail": false,
                  "pending": false,
                  "context": "\"videos/deposit.cy.js.mp4\"",
                  "code": "// Login\nloginFunction.loginCorrect(email, pass);\n// Buka deposit menu dari sidebar\ncy.get('a[href=\"/deposit\"] > div > div > h4').contains('Deposit').click();\ncy.wait(5000);\ncy.get('h1').contains('Deposit').should('be.visible');\n// Input akun yang ingin di deposit\ncy.wait(2000);\ncy.get('select[name=\"select-account\"] > option').then($el => {\n  commonFunction.randomDropdownValue('select[name=\"select-account\"]', $el);\n});\ncy.wait(2000);\n// Input amount (input $1 saja)\ncy.get('input[name=\"amount\"]').type(1).should('have.value', 1);\ncy.wait(2000);\n// Input nama akun bank\nconst randCharacters = commonFunction.randomChar();\ncy.get('input[name=\"akun-pemilik\"]').type(randCharacters).should('have.value', randCharacters);\ncy.wait(1000);\n// Input nomor akun bank\nconst randNumber = commonFunction.randomNumberID();\ncy.get('input[name=\"nomor-akun\"]').type(randNumber).should('have.value', randNumber);\ncy.wait(1000);\n// Input nama bank\ncy.get('div[class=\"menu hidden\"]').find('div').then($el2 => {\n  // Pilih dropdown dan ambil number index item yang dipilih\n  commonFunction.randomDropdownValueDivPOA($el2);\n});\n// Input checkbox\ncy.get('input[type=\"checkbox\"]').click();\ncy.get('input[type=\"checkbox\"]').should('be.checked');\ncy.wait(1000);\n// Klik proceed deposit\ncy.get('button').contains('Request Deposit').click();\ncy.wait(2000);\ncy.get('h2').contains('Are You Confident With Your Data?').should('be.visible');\n// Klik yes\ncy.get('button').contains('Yes').click();\ncy.wait(5000);\ncy.get('div').contains('To complete your payment').should('be.visible');\ncy.get('button').contains('Transfer Manual').click();\ncy.wait(5000);\ncy.url().should('include', '/verify-time');\n// Input field file dengan value yang sesuai\ncy.get('input[type=\"file\"]').eq(1).selectFile('cypress/fixtures/PicExample.png');\ncy.wait(2000);\n// Klik Send Proof\ncy.get('button').contains('Send Proof').click();\ncy.wait(2000);\ncy.get('h2').contains('Deposit Verification').should('be.visible');\n// Klik Yes\ncy.get('button').contains('Yes').click();\ncy.wait(3000);\ncy.get('h2').contains('Success').should('be.visible');\n// ========================\n// NO APPROVAL ADMIN FIRST\n// ========================",
                  "err": {},
                  "uuid": "d61ffaa6-00b7-4d33-b909-9049895e1a07",
                  "parentUUID": "aaa7d8da-706b-49fd-90d3-bb78a9d83d24",
                  "isHook": false,
                  "skipped": false
                }
              ],
              "suites": [],
              "passes": [
                "59099809-01f8-49b8-a84d-fa28ff18a14b",
                "c3c2b110-c8d9-489e-a3c7-2f1b81590a3b",
                "d61ffaa6-00b7-4d33-b909-9049895e1a07"
              ],
              "failures": [],
              "pending": [],
              "skipped": [],
              "duration": 164691,
              "root": false,
              "rootEmpty": false,
              "_timeout": 2000
            },
            {
              "uuid": "987adfb7-3e3a-4782-a641-89bed762db5a",
              "title": "Deposit Via Crypto",
              "fullFile": "",
              "file": "",
              "beforeHooks": [],
              "afterHooks": [],
              "tests": [
                {
                  "title": "User want to request deposit to their account with crypto payment method without fill all field",
                  "fullTitle": "Deposit Balance Deposit Via Crypto User want to request deposit to their account with crypto payment method without fill all field",
                  "timedOut": null,
                  "duration": 30546,
                  "state": "passed",
                  "speed": "slow",
                  "pass": true,
                  "fail": false,
                  "pending": false,
                  "context": "\"videos/deposit.cy.js.mp4\"",
                  "code": "// Login\nloginFunction.loginCorrect(email, pass);\n// Buka deposit menu dari sidebar\ncy.get('a[href=\"/deposit\"] > div > div > h4').contains('Deposit').click();\ncy.wait(5000);\ncy.get('h1').contains('Deposit').should('be.visible');\n// Klik crypto metode payment\ncy.get('a[href=\"/deposit-crypto\"]').click({\n  force: true\n});\ncy.wait(5000);\ncy.get('h3').contains('Select Account').should('be.visible');\n// Klik request deposit\ncy.get('button').contains('Request Deposit').click();\ncy.wait(2000);\n// Assert pop up error\ncy.get('h2').contains('Incomplete Data!').should('be.visible');\ncy.get('button').contains('Oke').click();\ncy.wait(1000);",
                  "err": {},
                  "uuid": "5abb54bc-23ea-4b54-b973-44d52881f327",
                  "parentUUID": "987adfb7-3e3a-4782-a641-89bed762db5a",
                  "isHook": false,
                  "skipped": false
                },
                {
                  "title": "User want to request deposit to their account with crypto payment method with minus amount",
                  "fullTitle": "Deposit Balance Deposit Via Crypto User want to request deposit to their account with crypto payment method with minus amount",
                  "timedOut": null,
                  "duration": 29188,
                  "state": "passed",
                  "speed": "slow",
                  "pass": true,
                  "fail": false,
                  "pending": false,
                  "context": "\"videos/deposit.cy.js.mp4\"",
                  "code": "// Login\nloginFunction.loginCorrect(email, pass);\n// Buka deposit menu dari sidebar\ncy.get('a[href=\"/deposit\"] > div > div > h4').contains('Deposit').click();\ncy.wait(5000);\ncy.get('h1').contains('Deposit').should('be.visible');\n// Klik crypto metode payment\ncy.get('a[href=\"/deposit-crypto\"]').click({\n  force: true\n});\ncy.wait(5000);\ncy.get('h3').contains('Select Account').should('be.visible');\n// Input amount\ncy.get('input[name=\"amount\"]').type(-1).should('not.have.value', -1);\ncy.wait(2000);",
                  "err": {},
                  "uuid": "82432e3b-55da-4fda-b830-5c32ab1a2385",
                  "parentUUID": "987adfb7-3e3a-4782-a641-89bed762db5a",
                  "isHook": false,
                  "skipped": false
                },
                {
                  "title": "User want to request deposit to their account with crypto payment but want to cancel it",
                  "fullTitle": "Deposit Balance Deposit Via Crypto User want to request deposit to their account with crypto payment but want to cancel it",
                  "timedOut": null,
                  "duration": 65019,
                  "state": "passed",
                  "speed": "slow",
                  "pass": true,
                  "fail": false,
                  "pending": false,
                  "context": "\"videos/deposit.cy.js.mp4\"",
                  "code": "// Login\nloginFunction.loginCorrect(email, pass);\n// Buka deposit menu dari sidebar\ncy.get('a[href=\"/deposit\"] > div > div > h4').contains('Deposit').click();\ncy.wait(5000);\ncy.get('h1').contains('Deposit').should('be.visible');\n// Klik crypto metode payment\ncy.get('a[href=\"/deposit-crypto\"]').click({\n  force: true\n});\ncy.wait(5000);\ncy.get('h3').contains('Select Account').should('be.visible');\n// Input akun yang ingin di deposit\ncy.wait(2000);\ncy.get('select[name=\"select-account\"] > option').then($el => {\n  commonFunction.randomDropdownValue('select[name=\"select-account\"]', $el);\n});\ncy.wait(2000);\n// Input amount (input $1 saja)\ncy.get('input[name=\"amount\"]').type(1).should('have.value', 1);\ncy.wait(2000);\n// Input crypto address\nconst randCharacters = commonFunction.randomChar();\ncy.get('input[name=\"nomor-akun\"]').type(randCharacters).should('have.value', randCharacters);\n// Input server network\ncy.get('label').contains('Network').parent().find('select > option').then($el => {\n  // Logika untuk random value dropdown\n  let randNumber = Math.floor(Math.random() * $el.length);\n  if (randNumber == 0) {\n    randNumber = randNumber + 1;\n  }\n  // Pilih items dropdown\n  const valueDrop = $el[randNumber].text;\n  cy.get('select').eq(1).select(valueDrop);\n  cy.wait(1000);\n});\n// Input checkbox\ncy.get('input[type=\"checkbox\"]').click();\ncy.get('input[type=\"checkbox\"]').should('be.checked');\ncy.wait(1000);\n// Klik proceed deposit\ncy.get('button').contains('Request Deposit').click();\ncy.wait(2000);\ncy.get('h2').contains('Are You Confident With Your Data?').should('be.visible');\n// Klik yes\ncy.get('button').contains('Yes').click();\ncy.wait(5000);\ncy.url().should('include', '/verify-time');\n// Buka account dashboard\ncy.get('a[href=\"/dashboard\"]').contains('Account').click();\ncy.wait(5000);\n// Check status payment dan klik cancel\ncy.get('h1').contains('History Payment').scrollIntoView();\ncy.get(5000);\ncy.get('thead').then($el => {\n  const rowTd = $el.length;\n  if (rowTd == 0) {\n    cy.reload();\n    cy.wait(10000);\n  }\n});\ncy.get('table > tr').eq(0).find('td > button').contains('Cancel').click();\ncy.wait(1000);\ncy.get('h2').contains('Do you want to cancel the deposit?').should('be.visible');\ncy.get('button').contains('OK').click();\ncy.wait(4000);\ncy.get('h2').contains('Success').should('be.visible');\ncy.get('button').contains('OK').click();\ncy.wait(4000);\ncy.get('table > tr').eq(0).find('td').contains('CANCELED').should('be.visible');",
                  "err": {},
                  "uuid": "4b85979b-3a7a-419c-80db-556950f554c3",
                  "parentUUID": "987adfb7-3e3a-4782-a641-89bed762db5a",
                  "isHook": false,
                  "skipped": false
                },
                {
                  "title": "User want to request deposit to their account with crypto payment",
                  "fullTitle": "Deposit Balance Deposit Via Crypto User want to request deposit to their account with crypto payment",
                  "timedOut": null,
                  "duration": 56508,
                  "state": "passed",
                  "speed": "slow",
                  "pass": true,
                  "fail": false,
                  "pending": false,
                  "context": "\"videos/deposit.cy.js.mp4\"",
                  "code": "// Login\nloginFunction.loginCorrect(email, pass);\n// Buka deposit menu dari sidebar\ncy.get('a[href=\"/deposit\"] > div > div > h4').contains('Deposit').click();\ncy.wait(5000);\ncy.get('h1').contains('Deposit').should('be.visible');\n// Klik crypto metode payment\ncy.get('a[href=\"/deposit-crypto\"]').click({\n  force: true\n});\ncy.wait(5000);\ncy.get('h3').contains('Select Account').should('be.visible');\n// Input akun yang ingin di deposit\ncy.wait(2000);\ncy.get('select[name=\"select-account\"] > option').then($el => {\n  commonFunction.randomDropdownValue('select[name=\"select-account\"]', $el);\n});\ncy.wait(2000);\n// Input amount (input $1 saja)\ncy.get('input[name=\"amount\"]').type(1).should('have.value', 1);\ncy.wait(2000);\n// Input crypto address\nconst randCharacters = commonFunction.randomChar();\ncy.get('input[name=\"nomor-akun\"]').type(randCharacters).should('have.value', randCharacters);\n// Input server network\ncy.get('label').contains('Network').parent().find('select > option').then($el => {\n  // Logika untuk random value dropdown\n  let randNumber = Math.floor(Math.random() * $el.length);\n  if (randNumber == 0) {\n    randNumber = randNumber + 1;\n  }\n  // Pilih items dropdown\n  const valueDrop = $el[randNumber].text;\n  cy.get('select').eq(1).select(valueDrop);\n  cy.wait(1000);\n});\n// Input checkbox\ncy.get('input[type=\"checkbox\"]').click();\ncy.get('input[type=\"checkbox\"]').should('be.checked');\ncy.wait(1000);\n// Klik proceed deposit\ncy.get('button').contains('Request Deposit').click();\ncy.wait(2000);\ncy.get('h2').contains('Are You Confident With Your Data?').should('be.visible');\n// Klik yes\ncy.get('button').contains('Yes').click();\ncy.wait(5000);\ncy.url().should('include', '/verify-time');\n// Input field file dengan value yang sesuai\ncy.get('input[type=\"file\"]').eq(1).selectFile('cypress/fixtures/PicExample.png');\ncy.wait(2000);\n// Klik Send Proof\ncy.get('button').contains('Send Proof').click();\ncy.wait(2000);\ncy.get('h2').contains('Deposit Verification').should('be.visible');\n// Klik Yes\ncy.get('button').contains('Yes').click();\ncy.wait(5000);\ncy.get('h2').contains('Success').should('be.visible');\n// =========================\n//  NO APPROVAL ADMIN FIRST\n// =========================",
                  "err": {},
                  "uuid": "7684c98f-0ec2-46c8-8cbe-4ecfd7ec9301",
                  "parentUUID": "987adfb7-3e3a-4782-a641-89bed762db5a",
                  "isHook": false,
                  "skipped": false
                }
              ],
              "suites": [],
              "passes": [
                "5abb54bc-23ea-4b54-b973-44d52881f327",
                "82432e3b-55da-4fda-b830-5c32ab1a2385",
                "4b85979b-3a7a-419c-80db-556950f554c3",
                "7684c98f-0ec2-46c8-8cbe-4ecfd7ec9301"
              ],
              "failures": [],
              "pending": [],
              "skipped": [],
              "duration": 181261,
              "root": false,
              "rootEmpty": false,
              "_timeout": 2000
            },
            {
              "uuid": "9a0711e8-b5a0-454d-a2e1-28921f6f8680",
              "title": "Deposit Via Credit Card",
              "fullFile": "",
              "file": "",
              "beforeHooks": [],
              "afterHooks": [],
              "tests": [
                {
                  "title": "User want to request deposit to their account with credit card payment method without fill all field",
                  "fullTitle": "Deposit Balance Deposit Via Credit Card User want to request deposit to their account with credit card payment method without fill all field",
                  "timedOut": null,
                  "duration": 29876,
                  "state": "passed",
                  "speed": "slow",
                  "pass": true,
                  "fail": false,
                  "pending": false,
                  "context": "\"videos/deposit.cy.js.mp4\"",
                  "code": "// Login\nloginFunction.loginCorrect(email, pass);\n// Buka deposit menu dari sidebar\ncy.get('a[href=\"/deposit\"] > div > div > h4').contains('Deposit').click();\ncy.wait(5000);\ncy.get('h1').contains('Deposit').should('be.visible');\n// Klik credit card metode payment\ncy.get('a[href=\"/deposit-credit-card\"]').click();\ncy.wait(5000);\ncy.get('h3').contains('Select Account').should('be.visible');\n// Klik request deposit\ncy.get('button').contains('Request Deposit').click();\ncy.wait(2000);\n// Assert pop up error\ncy.get('h2').contains('Incomplete Data!').should('be.visible');\ncy.get('button').contains('Oke').click();\ncy.wait(1000);",
                  "err": {},
                  "uuid": "d08b5219-ba93-42ab-a060-7f0b3d5d3268",
                  "parentUUID": "9a0711e8-b5a0-454d-a2e1-28921f6f8680",
                  "isHook": false,
                  "skipped": false
                },
                {
                  "title": "User want to request deposit to their account with credit card payment method with minus amount",
                  "fullTitle": "Deposit Balance Deposit Via Credit Card User want to request deposit to their account with credit card payment method with minus amount",
                  "timedOut": null,
                  "duration": 28550,
                  "state": "passed",
                  "speed": "slow",
                  "pass": true,
                  "fail": false,
                  "pending": false,
                  "context": "\"videos/deposit.cy.js.mp4\"",
                  "code": "// Login\nloginFunction.loginCorrect(email, pass);\n// Buka deposit menu dari sidebar\ncy.get('a[href=\"/deposit\"] > div > div > h4').contains('Deposit').click();\ncy.wait(5000);\ncy.get('h1').contains('Deposit').should('be.visible');\n// Klik credit card metode payment\ncy.get('a[href=\"/deposit-credit-card\"]').click();\ncy.wait(5000);\ncy.get('h3').contains('Select Account').should('be.visible');\n// Input amount\ncy.get('input[name=\"amount\"]').type(-1).should('not.have.value', -1);\ncy.wait(2000);",
                  "err": {},
                  "uuid": "2612ac95-9f16-4813-9938-9f47803c5dbf",
                  "parentUUID": "9a0711e8-b5a0-454d-a2e1-28921f6f8680",
                  "isHook": false,
                  "skipped": false
                },
                {
                  "title": "User want to request deposit to their account with credit card payment but want to cancel it",
                  "fullTitle": "Deposit Balance Deposit Via Credit Card User want to request deposit to their account with credit card payment but want to cancel it",
                  "timedOut": null,
                  "duration": 66030,
                  "state": "passed",
                  "speed": "slow",
                  "pass": true,
                  "fail": false,
                  "pending": false,
                  "context": "\"videos/deposit.cy.js.mp4\"",
                  "code": "// Login\nloginFunction.loginCorrect(email, pass);\n// Buka deposit menu dari sidebar\ncy.get('a[href=\"/deposit\"] > div > div > h4').contains('Deposit').click();\ncy.wait(5000);\ncy.get('h1').contains('Deposit').should('be.visible');\n// Klik credit card metode payment\ncy.get('a[href=\"/deposit-credit-card\"]').click();\ncy.wait(5000);\ncy.get('h3').contains('Select Account').should('be.visible');\n// Input akun yang ingin di deposit\ncy.wait(2000);\ncy.get('select[name=\"select-account\"] > option').then($el => {\n  commonFunction.randomDropdownValue('select[name=\"select-account\"]', $el);\n});\ncy.wait(2000);\n// Input amount (input $1 saja)\ncy.get('input[name=\"amount\"]').type(1).should('have.value', 1);\ncy.wait(2000);\n// Input crypto address\nconst randCharacters = commonFunction.randomChar();\ncy.get('input[name=\"akun-pemilik\"]').type(randCharacters).should('have.value', randCharacters);\n// Input checkbox\ncy.get('input[type=\"checkbox\"]').click();\ncy.get('input[type=\"checkbox\"]').should('be.checked');\ncy.wait(1000);\n// Klik request deposit\ncy.get('button').contains('Request Deposit').click();\ncy.wait(2000);\ncy.get('h2').contains('Are You Confident With Your Data?').should('be.visible');\n// Klik yes\ncy.get('button').contains('Yes').click();\ncy.wait(5000);\ncy.get('h2').contains('Attention!').should('be.visible');\n// Agar tidak membuka tab baru\ncy.window().then(win => {\n  cy.stub(win, 'open').as('windowOpen');\n});\n// Klik Payment Gateway\ncy.get('button').contains('Payment Gateway').click();\ncy.wait(5000);\n// Check status payment dan klik cancel\ncy.get('h1').contains('History Payment').scrollIntoView();\ncy.get(5000);\ncy.get('thead').then($el => {\n  const rowTd = $el.length;\n  if (rowTd == 0) {\n    cy.reload();\n    cy.wait(10000);\n  }\n});\ncy.get('table > tr').eq(0).find('td > button').contains('Cancel').click();\ncy.wait(1000);\ncy.get('h2').contains('Do you want to cancel the deposit?').should('be.visible');\ncy.get('button').contains('OK').click();\ncy.wait(4000);\ncy.get('h2').contains('Success').should('be.visible');\ncy.get('button').contains('OK').click();\ncy.wait(10000);\ncy.get('table > tr').eq(0).find('td').contains('CANCELED').should('be.visible');",
                  "err": {},
                  "uuid": "85179042-2184-4954-986b-b195354aff0b",
                  "parentUUID": "9a0711e8-b5a0-454d-a2e1-28921f6f8680",
                  "isHook": false,
                  "skipped": false
                },
                {
                  "title": "Users want to request deposit to their account with credit card",
                  "fullTitle": "Deposit Balance Deposit Via Credit Card Users want to request deposit to their account with credit card",
                  "timedOut": null,
                  "duration": 48424,
                  "state": "passed",
                  "speed": "slow",
                  "pass": true,
                  "fail": false,
                  "pending": false,
                  "context": "\"videos/deposit.cy.js.mp4\"",
                  "code": "// Login\nloginFunction.loginCorrect(email, pass);\n// Buka deposit menu dari sidebar\ncy.get('a[href=\"/deposit\"] > div > div > h4').contains('Deposit').click();\ncy.wait(5000);\ncy.get('h1').contains('Deposit').should('be.visible');\n// Klik credit card metode payment\ncy.get('a[href=\"/deposit-credit-card\"]').click();\ncy.wait(5000);\ncy.get('h3').contains('Select Account').should('be.visible');\n// Input akun yang ingin di deposit\ncy.wait(2000);\ncy.get('select[name=\"select-account\"] > option').then($el => {\n  commonFunction.randomDropdownValue('select[name=\"select-account\"]', $el);\n});\ncy.wait(2000);\n// Input amount (input $1 saja)\ncy.get('input[name=\"amount\"]').type(1).should('have.value', 1);\ncy.wait(2000);\n// Input akun cc\nconst randCharacters = commonFunction.randomChar();\ncy.get('input[name=\"akun-pemilik\"]').type(randCharacters).should('have.value', randCharacters);\n// Input checkbox\ncy.get('input[type=\"checkbox\"]').click();\ncy.get('input[type=\"checkbox\"]').should('be.checked');\ncy.wait(1000);\n// Klik request deposit\ncy.get('button').contains('Request Deposit').click();\ncy.wait(2000);\ncy.get('h2').contains('Are You Confident With Your Data?').should('be.visible');\n// Klik yes\ncy.get('button').contains('Yes').click();\ncy.wait(5000);\ncy.get('h2').contains('Attention!').should('be.visible');\ncy.window().then(win => {\n  cy.stub(win, 'open').as('openStub');\n});\n// Klik Payment Gateway\ncy.get('button').contains('Payment Gateway').click();\ncy.wait(5000);\n// ========================\n// NO ADMIN APPROVAL FIRST\n// =======================",
                  "err": {},
                  "uuid": "d58f20fb-357f-4ac2-bd7b-127bab708450",
                  "parentUUID": "9a0711e8-b5a0-454d-a2e1-28921f6f8680",
                  "isHook": false,
                  "skipped": false
                }
              ],
              "suites": [],
              "passes": [
                "d08b5219-ba93-42ab-a060-7f0b3d5d3268",
                "2612ac95-9f16-4813-9938-9f47803c5dbf",
                "85179042-2184-4954-986b-b195354aff0b",
                "d58f20fb-357f-4ac2-bd7b-127bab708450"
              ],
              "failures": [],
              "pending": [],
              "skipped": [],
              "duration": 172880,
              "root": false,
              "rootEmpty": false,
              "_timeout": 2000
            }
          ],
          "passes": [],
          "failures": [],
          "pending": [],
          "skipped": [],
          "duration": 0,
          "root": false,
          "rootEmpty": false,
          "_timeout": 2000
        }
      ],
      "passes": [],
      "failures": [],
      "pending": [],
      "skipped": [],
      "duration": 0,
      "root": true,
      "rootEmpty": true,
      "_timeout": 2000
    }
  ],
  "meta": {
    "mocha": {
      "version": "7.0.1"
    },
    "mochawesome": {
      "options": {
        "quiet": false,
        "reportFilename": "mochawesome",
        "saveHtml": false,
        "saveJson": true,
        "consoleReporter": "spec",
        "useInlineDiffs": false,
        "code": true
      },
      "version": "7.1.3"
    },
    "marge": {
      "options": {
        "id": "default",
        "reportDir": "cypress/results/json",
        "overwrite": false,
        "html": false,
        "json": true
      },
      "version": "6.2.0"
    }
  }
}